<?xml version="1.0" encoding="UTF-8"?>
<!-- Generated by org.testng.reporters.JUnitReportReporter -->
<testsuite hostname="venky" failures="0" tests="4" name="T6" time="2.238" errors="0" timestamp="2024-04-26T12:49:01 IST" skipped="1">
  <testcase classname="T6" name="logoPresence" time="0.099"/>
  <system-out/>
  <testcase classname="T6" name="loginTest" time="1.618"/>
  <system-out/>
  <testcase classname="T6" name="registrationTest" time="0.003">
    <skipped/>
  </testcase> <!-- registrationTest -->
  <system-out/>
  <testcase classname="T6" name="myaccountTest" time="0.518"/>
  <system-out/>
</testsuite> <!-- T6 -->
